# JRE version: OpenJDK Runtime Environment (17.0.6) (build 17.0.6+0-b2043.56-10027231)
# Java VM: OpenJDK 64-Bit Server VM (17.0.6+0-b2043.56-10027231, mixed mode, tiered, compressed oops, compressed class ptrs, g1 gc, windows-amd64)
GC Precious Log:
 CPUs: 8 total, 8 available
 Memory: 12285M
 Large Page Support: Disabled
 NUMA Support: Disabled
 Compressed Oops: Enabled (32-bit)
 Heap Region Size: 1M
 Heap Min Capacity: 8M
 Heap Initial Capacity: 192M
 Heap Max Capacity: 2G
 Pre-touch: Disabled
 Parallel Workers: 8
 Concurrent Workers: 2
 Concurrent Refinement Workers: 8
 Periodic GC: Disabled
Heap:
 garbage-first heap   total 320512K, used 246533K [0x0000000080000000, 0x0000000100000000)
  region size 1024K, 95 young (97280K), 4 survivors (4096K)
 Metaspace       used 124375K, committed 125120K, reserved 1163264K
  class space    used 16753K, committed 17152K, reserved 1048576K
GC Heap History (20 events):
Event: 41.276 GC heap before
{Heap before GC invocations=56 (full 0):
 garbage-first heap   total 235520K, used 187577K [0x0000000080000000, 0x0000000100000000)
  region size 1024K, 65 young (66560K), 4 survivors (4096K)
 Metaspace       used 103253K, committed 104000K, reserved 1146880K
  class space    used 13613K, committed 13952K, reserved 1048576K
}
Event: 41.284 GC heap after
{Heap after GC invocations=57 (full 0):
 garbage-first heap   total 235520K, used 128354K [0x0000000080000000, 0x0000000100000000)
  region size 1024K, 6 young (6144K), 6 survivors (6144K)
 Metaspace       used 103253K, committed 104000K, reserved 1146880K
  class space    used 13613K, committed 13952K, reserved 1048576K
}
Event: 42.730 GC heap before
{Heap before GC invocations=57 (full 0):
 garbage-first heap   total 235520K, used 190818K [0x0000000080000000, 0x0000000100000000)
  region size 1024K, 68 young (69632K), 6 survivors (6144K)
 Metaspace       used 107672K, committed 108416K, reserved 1146880K
  class space    used 14208K, committed 14528K, reserved 1048576K
}
Event: 42.739 GC heap after
{Heap after GC invocations=58 (full 0):
 garbage-first heap   total 235520K, used 133035K [0x0000000080000000, 0x0000000100000000)
  region size 1024K, 8 young (8192K), 8 survivors (8192K)
 Metaspace       used 107672K, committed 108416K, reserved 1146880K
  class space    used 14208K, committed 14528K, reserved 1048576K
}
Event: 43.888 GC heap before
{Heap before GC invocations=58 (full 0):
 garbage-first heap   total 235520K, used 192427K [0x0000000080000000, 0x0000000100000000)
  region size 1024K, 67 young (68608K), 8 survivors (8192K)
 Metaspace       used 108940K, committed 109632K, reserved 1146880K
  class space    used 14359K, committed 14720K, reserved 1048576K
}
Event: 43.899 GC heap after
{Heap after GC invocations=59 (full 0):
 garbage-first heap   total 235520K, used 137249K [0x0000000080000000, 0x0000000100000000)
  region size 1024K, 9 young (9216K), 9 survivors (9216K)
 Metaspace       used 108940K, committed 109632K, reserved 1146880K
  class space    used 14359K, committed 14720K, reserved 1048576K
}
Event: 46.139 GC heap before
{Heap before GC invocations=59 (full 0):
 garbage-first heap   total 235520K, used 194593K [0x0000000080000000, 0x0000000100000000)
  region size 1024K, 66 young (67584K), 9 survivors (9216K)
 Metaspace       used 109675K, committed 110400K, reserved 1146880K
  class space    used 14439K, committed 14784K, reserved 1048576K
}
Event: 46.153 GC heap after
{Heap after GC invocations=60 (full 0):
 garbage-first heap   total 235520K, used 142023K [0x0000000080000000, 0x0000000100000000)
  region size 1024K, 9 young (9216K), 9 survivors (9216K)
 Metaspace       used 109675K, committed 110400K, reserved 1146880K
  class space    used 14439K, committed 14784K, reserved 1048576K
}
Event: 46.879 GC heap before
{Heap before GC invocations=60 (full 0):
 garbage-first heap   total 235520K, used 196294K [0x0000000080000000, 0x0000000100000000)
  region size 1024K, 63 young (64512K), 9 survivors (9216K)
 Metaspace       used 112866K, committed 113536K, reserved 1155072K
  class space    used 14887K, committed 15232K, reserved 1048576K
}
Event: 46.891 GC heap after
{Heap after GC invocations=61 (full 0):
 garbage-first heap   total 235520K, used 150090K [0x0000000080000000, 0x0000000100000000)
  region size 1024K, 8 young (8192K), 8 survivors (8192K)
 Metaspace       used 112866K, committed 113536K, reserved 1155072K
  class space    used 14887K, committed 15232K, reserved 1048576K
}
Event: 47.141 GC heap before
{Heap before GC invocations=61 (full 0):
 garbage-first heap   total 235520K, used 197194K [0x0000000080000000, 0x0000000100000000)
  region size 1024K, 53 young (54272K), 8 survivors (8192K)
 Metaspace       used 115563K, committed 116288K, reserved 1155072K
  class space    used 15290K, committed 15616K, reserved 1048576K
}
Event: 47.153 GC heap after
{Heap after GC invocations=62 (full 0):
 garbage-first heap   total 235520K, used 158630K [0x0000000080000000, 0x0000000100000000)
  region size 1024K, 7 young (7168K), 7 survivors (7168K)
 Metaspace       used 115563K, committed 116288K, reserved 1155072K
  class space    used 15290K, committed 15616K, reserved 1048576K
}
Event: 47.329 GC heap before
{Heap before GC invocations=62 (full 0):
 garbage-first heap   total 235520K, used 195494K [0x0000000080000000, 0x0000000100000000)
  region size 1024K, 44 young (45056K), 7 survivors (7168K)
 Metaspace       used 118248K, committed 118912K, reserved 1155072K
  class space    used 15695K, committed 16000K, reserved 1048576K
}
Event: 47.338 GC heap after
{Heap after GC invocations=63 (full 0):
 garbage-first heap   total 235520K, used 161996K [0x0000000080000000, 0x0000000100000000)
  region size 1024K, 5 young (5120K), 5 survivors (5120K)
 Metaspace       used 118248K, committed 118912K, reserved 1155072K
  class space    used 15695K, committed 16000K, reserved 1048576K
}
Event: 47.448 GC heap before
{Heap before GC invocations=63 (full 0):
 garbage-first heap   total 235520K, used 196812K [0x0000000080000000, 0x0000000100000000)
  region size 1024K, 40 young (40960K), 5 survivors (5120K)
 Metaspace       used 118917K, committed 119616K, reserved 1155072K
  class space    used 15827K, committed 16128K, reserved 1048576K
}
Event: 47.456 GC heap after
{Heap after GC invocations=64 (full 0):
 garbage-first heap   total 235520K, used 165181K [0x0000000080000000, 0x0000000100000000)
  region size 1024K, 4 young (4096K), 4 survivors (4096K)
 Metaspace       used 118917K, committed 119616K, reserved 1155072K
  class space    used 15827K, committed 16128K, reserved 1048576K
}
Event: 47.465 GC heap before
{Heap before GC invocations=64 (full 0):
 garbage-first heap   total 235520K, used 167229K [0x0000000080000000, 0x0000000100000000)
  region size 1024K, 7 young (7168K), 4 survivors (4096K)
 Metaspace       used 118971K, committed 119680K, reserved 1155072K
  class space    used 15842K, committed 16192K, reserved 1048576K
}
Event: 47.476 GC heap after
{Heap after GC invocations=65 (full 0):
 garbage-first heap   total 320512K, used 165663K [0x0000000080000000, 0x0000000100000000)
  region size 1024K, 1 young (1024K), 1 survivors (1024K)
 Metaspace       used 118971K, committed 119680K, reserved 1155072K
  class space    used 15842K, committed 16192K, reserved 1048576K
}
Event: 47.615 GC heap before
{Heap before GC invocations=65 (full 0):
 garbage-first heap   total 320512K, used 189215K [0x0000000080000000, 0x0000000100000000)
  region size 1024K, 24 young (24576K), 1 survivors (1024K)
 Metaspace       used 120280K, committed 120960K, reserved 1155072K
  class space    used 16044K, committed 16384K, reserved 1048576K
}
Event: 47.622 GC heap after
{Heap after GC invocations=66 (full 0):
 garbage-first heap   total 320512K, used 168709K [0x0000000080000000, 0x0000000100000000)
  region size 1024K, 4 young (4096K), 4 survivors (4096K)
 Metaspace       used 120280K, committed 120960K, reserved 1155072K
  class space    used 16044K, committed 16384K, reserved 1048576K
}

